[debug] [2022-11-28T05:43:25.157Z] ----------------------------------------------------------------------
[debug] [2022-11-28T05:43:25.158Z] Command:       C:\Program Files\nodejs\node.exe C:\Users\Piyapan\AppData\Roaming\npm\node_modules\firebase-tools\lib\bin\firebase.js init
[debug] [2022-11-28T05:43:25.159Z] CLI Version:   11.16.1
[debug] [2022-11-28T05:43:25.159Z] Platform:      win32
[debug] [2022-11-28T05:43:25.159Z] Node Version:  v18.7.0
[debug] [2022-11-28T05:43:25.159Z] Time:          Mon Nov 28 2022 12:43:25 GMT+0700 (Indochina Time)
[debug] [2022-11-28T05:43:25.160Z] ----------------------------------------------------------------------
[debug] 
[debug] [2022-11-28T05:43:25.165Z] > command requires scopes: ["email","openid","https://www.googleapis.com/auth/cloudplatformprojects.readonly","https://www.googleapis.com/auth/firebase","https://www.googleapis.com/auth/cloud-platform"]
[debug] [2022-11-28T05:43:25.165Z] > authorizing via signed-in user (piyapanboonlertanan1@gmail.com)
[info] 
     ######## #### ########  ######## ########     ###     ######  ########
     ##        ##  ##     ## ##       ##     ##  ##   ##  ##       ##
     ######    ##  ########  ######   ########  #########  ######  ######
     ##        ##  ##    ##  ##       ##     ## ##     ##       ## ##
     ##       #### ##     ## ######## ########  ##     ##  ######  ########

You're about to initialize a Firebase project in this directory:

  D:\year_2\Soft_Dev\MyBook\Final_Project

[info] 
=== Project Setup
[info] 
[info] First, let's associate this project directory with a Firebase project.
[info] You can create multiple project aliases by running firebase use --add, 
[info] but for now we'll just set up a default project.
[info] 
[debug] [2022-11-28T05:47:01.601Z] >>> [apiv2][query] GET https://firebase.googleapis.com/v1beta1/projects pageSize=100
[debug] [2022-11-28T05:47:02.409Z] <<< [apiv2][status] GET https://firebase.googleapis.com/v1beta1/projects 200
[debug] [2022-11-28T05:47:02.409Z] <<< [apiv2][body] GET https://firebase.googleapis.com/v1beta1/projects [omitted]
[info] i  Using project mybook-12f24 (MyBook) 
[info] 
=== Hosting Setup
[info] 
[info] Your public directory is the folder (relative to your project directory) that
[info] will contain Hosting assets to be uploaded with firebase deploy. If you
[info] have a build process for your assets, use your build's output directory.
[info] 
[debug] [2022-11-28T05:48:22.189Z] >>> [apiv2][query] GET https://www.gstatic.com/firebasejs/releases.json [none]
[debug] [2022-11-28T05:48:22.429Z] <<< [apiv2][status] GET https://www.gstatic.com/firebasejs/releases.json 200
[debug] [2022-11-28T05:48:22.430Z] <<< [apiv2][body] GET https://www.gstatic.com/firebasejs/releases.json {"current":{"version":"9.14.0","browserURL":"https://www.gstatic.com/firebasejs/9.14.0/firebase.js","packageURL":"https://www.gstatic.com/firebasejs/9.14.0/firebase.tgz"},"live":{"version":"9.14","browserURL":"https://www.gstatic.com/firebasejs/live/9.14/firebase.js","packageURL":"https://www.gstatic.com/firebasejs/live/9.14/firebase.tgz"},"components":{"analytics":"https://www.gstatic.com/firebasejs/9.14.0/firebase-analytics.js","app":"https://www.gstatic.com/firebasejs/9.14.0/firebase-app.js","app-check":"https://www.gstatic.com/firebasejs/9.14.0/firebase-app-check.js","auth":"https://www.gstatic.com/firebasejs/9.14.0/firebase-auth.js","auth/cordova":"https://www.gstatic.com/firebasejs/9.14.0/firebase-auth/cordova.js","auth/react-native":"https://www.gstatic.com/firebasejs/9.14.0/firebase-auth/react-native.js","functions":"https://www.gstatic.com/firebasejs/9.14.0/firebase-functions.js","firestore":"https://www.gstatic.com/firebasejs/9.14.0/firebase-firestore.js","firestore/lite":"https://www.gstatic.com/firebasejs/9.14.0/firebase-firestore/lite.js","installations":"https://www.gstatic.com/firebasejs/9.14.0/firebase-installations.js","storage":"https://www.gstatic.com/firebasejs/9.14.0/firebase-storage.js","performance":"https://www.gstatic.com/firebasejs/9.14.0/firebase-performance.js","remote-config":"https://www.gstatic.com/firebasejs/9.14.0/firebase-remote-config.js","messaging":"https://www.gstatic.com/firebasejs/9.14.0/firebase-messaging.js","messaging/sw":"https://www.gstatic.com/firebasejs/9.14.0/firebase-messaging/sw.js","database":"https://www.gstatic.com/firebasejs/9.14.0/firebase-database.js","firestore.memory":"https://www.gstatic.com/firebasejs/9.14.0/firebase-firestore.memory.js"}}
[info] +  Wrote npm install firebase/index.html 
[info] 
[info] i  Detected a .git folder at D:\year_2\Soft_Dev\MyBook 
[info] i  Authorizing with GitHub to upload your service account to a GitHub repository's secrets store. 
[info] 
[info] Visit this URL on this device to log in:
[info] https://github.com/login/oauth/authorize?client_id=89cf50f02ac6aaed3484&state=1022480505&redirect_uri=http%3A%2F%2Flocalhost%3A9005&scope=read%3Auser%20repo%20public_repo
[info] 
[info] Waiting for authentication...
[debug] [2022-11-28T05:48:36.888Z] >>> [apiv2][query] POST https://github.com/login/oauth/access_token [none]
[debug] [2022-11-28T05:48:36.888Z] >>> [apiv2][body] POST https://github.com/login/oauth/access_token [stream]
[debug] [2022-11-28T05:48:37.455Z] <<< [apiv2][status] POST https://github.com/login/oauth/access_token 200
[debug] [2022-11-28T05:48:37.455Z] <<< [apiv2][body] POST https://github.com/login/oauth/access_token {"access_token":"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","token_type":"bearer","scope":"read:user,repo"}
[debug] [2022-11-28T05:48:37.459Z] >>> [apiv2][query] GET https://api.github.com/user [none]
[debug] [2022-11-28T05:48:38.016Z] <<< [apiv2][status] GET https://api.github.com/user 200
[debug] [2022-11-28T05:48:38.016Z] <<< [apiv2][body] GET https://api.github.com/user {"login":"Piyapan-Boonlertanan","id":109776966,"node_id":"U_kgDOBosQRg","avatar_url":"https://avatars.githubusercontent.com/u/109776966?v=4","gravatar_id":"","url":"https://api.github.com/users/Piyapan-Boonlertanan","html_url":"https://github.com/Piyapan-Boonlertanan","followers_url":"https://api.github.com/users/Piyapan-Boonlertanan/followers","following_url":"https://api.github.com/users/Piyapan-Boonlertanan/following{/other_user}","gists_url":"https://api.github.com/users/Piyapan-Boonlertanan/gists{/gist_id}","starred_url":"https://api.github.com/users/Piyapan-Boonlertanan/starred{/owner}{/repo}","subscriptions_url":"https://api.github.com/users/Piyapan-Boonlertanan/subscriptions","organizations_url":"https://api.github.com/users/Piyapan-Boonlertanan/orgs","repos_url":"https://api.github.com/users/Piyapan-Boonlertanan/repos","events_url":"https://api.github.com/users/Piyapan-Boonlertanan/events{/privacy}","received_events_url":"https://api.github.com/users/Piyapan-Boonlertanan/received_events","type":"User","site_admin":false,"name":null,"company":null,"blog":"","location":null,"email":null,"hireable":null,"bio":null,"twitter_username":null,"public_repos":1,"public_gists":0,"followers":0,"following":0,"created_at":"2022-07-22T02:52:54Z","updated_at":"2022-10-05T17:34:08Z","private_gists":0,"total_private_repos":0,"owned_private_repos":0,"disk_usage":60280,"collaborators":0,"two_factor_authentication":false,"plan":{"name":"free","space":976562499,"collaborators":0,"private_repos":10000}}
[info] 
[info] +  Success! Logged into GitHub as Piyapan-Boonlertanan 
[info] 
[debug] [2022-11-28T05:49:14.745Z] >>> [apiv2][query] GET https://api.github.com/repos/firebase deploy/actions/secrets/public-key type=owner
[debug] [2022-11-28T05:49:15.451Z] <<< [apiv2][status] GET https://api.github.com/repos/firebase deploy/actions/secrets/public-key 404
[debug] [2022-11-28T05:49:15.452Z] <<< [apiv2][body] GET https://api.github.com/repos/firebase deploy/actions/secrets/public-key {"message":"Not Found","documentation_url":"https://docs.github.com/rest"}
[debug] [2022-11-28T05:49:41.337Z] >>> [apiv2][query] GET https://api.github.com/repos/repository/actions/secrets/public-key type=owner
[debug] [2022-11-28T05:49:42.024Z] <<< [apiv2][status] GET https://api.github.com/repos/repository/actions/secrets/public-key 404
[debug] [2022-11-28T05:49:42.024Z] <<< [apiv2][body] GET https://api.github.com/repos/repository/actions/secrets/public-key {"message":"Not Found","documentation_url":"https://docs.github.com/rest"}
[debug] [2022-11-28T05:49:42.430Z] >>> [apiv2][query] GET https://api.github.com/repos/repository/actions/secrets/public-key type=owner
[debug] [2022-11-28T05:49:42.604Z] >>> [apiv2][query] GET https://api.github.com/repos//actions/secrets/public-key type=owner
[debug] [2022-11-28T05:49:42.873Z] <<< [apiv2][status] GET https://api.github.com/repos/repository/actions/secrets/public-key 404
[debug] [2022-11-28T05:49:42.874Z] <<< [apiv2][body] GET https://api.github.com/repos/repository/actions/secrets/public-key {"message":"Not Found","documentation_url":"https://docs.github.com/rest"}
[debug] [2022-11-28T05:49:43.051Z] <<< [apiv2][status] GET https://api.github.com/repos//actions/secrets/public-key 404
[debug] [2022-11-28T05:49:43.051Z] <<< [apiv2][body] GET https://api.github.com/repos//actions/secrets/public-key {"message":"Not Found","documentation_url":"https://docs.github.com/rest"}
[debug] [2022-11-28T05:49:43.896Z] >>> [apiv2][query] GET https://api.github.com/repos/repository/actions/secrets/public-key type=owner
[debug] [2022-11-28T05:49:44.382Z] >>> [apiv2][query] GET https://api.github.com/repos//actions/secrets/public-key type=owner
[debug] [2022-11-28T05:49:44.403Z] <<< [apiv2][status] GET https://api.github.com/repos/repository/actions/secrets/public-key 404
[debug] [2022-11-28T05:49:44.403Z] <<< [apiv2][body] GET https://api.github.com/repos/repository/actions/secrets/public-key {"message":"Not Found","documentation_url":"https://docs.github.com/rest"}
[debug] [2022-11-28T05:49:44.831Z] >>> [apiv2][query] GET https://api.github.com/repos/repository/actions/secrets/public-key type=owner
[debug] [2022-11-28T05:49:44.864Z] <<< [apiv2][status] GET https://api.github.com/repos//actions/secrets/public-key 404
[debug] [2022-11-28T05:49:44.864Z] <<< [apiv2][body] GET https://api.github.com/repos//actions/secrets/public-key {"message":"Not Found","documentation_url":"https://docs.github.com/rest"}
[debug] [2022-11-28T05:49:45.303Z] <<< [apiv2][status] GET https://api.github.com/repos/repository/actions/secrets/public-key 404
[debug] [2022-11-28T05:49:45.303Z] <<< [apiv2][body] GET https://api.github.com/repos/repository/actions/secrets/public-key {"message":"Not Found","documentation_url":"https://docs.github.com/rest"}
[debug] [2022-11-28T05:49:46.033Z] >>> [apiv2][query] GET https://api.github.com/repos/repository/actions/secrets/public-key type=owner
[debug] [2022-11-28T05:49:46.503Z] <<< [apiv2][status] GET https://api.github.com/repos/repository/actions/secrets/public-key 404
[debug] [2022-11-28T05:49:46.503Z] <<< [apiv2][body] GET https://api.github.com/repos/repository/actions/secrets/public-key {"message":"Not Found","documentation_url":"https://docs.github.com/rest"}
[debug] [2022-11-28T05:50:16.056Z] >>> [apiv2][query] GET https://api.github.com/repos/format:repository/actions/secrets/public-key type=owner
[debug] [2022-11-28T05:50:16.585Z] <<< [apiv2][status] GET https://api.github.com/repos/format:repository/actions/secrets/public-key 404
[debug] [2022-11-28T05:50:16.585Z] <<< [apiv2][body] GET https://api.github.com/repos/format:repository/actions/secrets/public-key {"message":"Not Found","documentation_url":"https://docs.github.com/rest"}
[debug] [2022-11-28T05:52:46.422Z] >>> [apiv2][query] GET https://api.github.com/repos//actions/secrets/public-key type=owner
[debug] [2022-11-28T05:52:46.883Z] <<< [apiv2][status] GET https://api.github.com/repos//actions/secrets/public-key 404
[debug] [2022-11-28T05:52:46.883Z] <<< [apiv2][body] GET https://api.github.com/repos//actions/secrets/public-key {"message":"Not Found","documentation_url":"https://docs.github.com/rest"}
[debug] [2022-11-28T05:52:48.492Z] >>> [apiv2][query] GET https://api.github.com/repos/CprE-KMUTNB/MyBook/actions/secrets/public-key type=owner
[debug] [2022-11-28T05:52:49.224Z] <<< [apiv2][status] GET https://api.github.com/repos/CprE-KMUTNB/MyBook/actions/secrets/public-key 403
[debug] [2022-11-28T05:52:49.224Z] <<< [apiv2][body] GET https://api.github.com/repos/CprE-KMUTNB/MyBook/actions/secrets/public-key {"message":"Must have admin rights to Repository.","documentation_url":"https://docs.github.com/rest/reference/actions#get-a-repository-public-key"}
[info] 
[info] 
[error] !  The provided authorization cannot be used with this repository. If this repository is in an organization, did you remember to grant access? 
[info] 
[info] i  Action required: Visit this URL to ensure access has been granted to the appropriate organization(s) for the Firebase CLI GitHub OAuth App: 
[info] https://github.com/settings/connections/applications/89cf50f02ac6aaed3484
[info] 
